<?xml version="1.0" encoding="UTF-8"?>
<!-- Generated by org.testng.reporters.JUnitXMLReporter -->
<testsuite ignored="1" hostname="NMSLAP139" failures="0" tests="1" name="Default test" time="23.582" errors="0" timestamp="2022-02-24T16:41:10 IST">
  <testcase classname="org.com.TestNG.Exception_Testing" name="Amazon" time="23.545"/>
  <testcase classname="org.com.TestNG.Exception_Testing" name="Flipkart" time="0.0">
    <ignored/>
  </testcase> <!-- Flipkart -->
</testsuite> <!-- Default test -->
