<?xml version="1.0" encoding="UTF-8"?>
<!-- Generated by org.testng.reporters.JUnitXMLReporter -->
<testsuite ignored="4" hostname="NMSLAP139" failures="0" tests="3" name="Test" time="27.817" errors="0" timestamp="2022-02-22T16:17:52 IST">
  <testcase classname="org.com.TestNG.TestNGALLProgram" name="Adctin" time="9.793"/>
  <testcase classname="org.com.TestNG.TestNGALLProgram" name="Airtel" time="8.472"/>
  <testcase classname="org.com.TestNG.TestNGALLProgram" name="Amazon" time="9.497"/>
  <testcase classname="org.com.TestNG.TestNGALLProgram" name="Flipkart" time="0.0">
    <ignored/>
  </testcase> <!-- Flipkart -->
  <testcase classname="org.com.TestNG.TestNGALLProgram" name="Facebook" time="0.0">
    <ignored/>
  </testcase> <!-- Facebook -->
  <testcase classname="org.com.TestNG.TestNGALLProgram" name="PVR" time="0.0">
    <ignored/>
  </testcase> <!-- PVR -->
  <testcase classname="org.com.TestNG.TestNGALLProgram" name="BookmyShow" time="0.0">
    <ignored/>
  </testcase> <!-- BookmyShow -->
</testsuite> <!-- Test -->
